<?xml version="1.0" encoding="UTF-8"?>
<!-- Generated by org.testng.reporters.JUnitReportReporter -->
<testsuite hostname="DESKTOP-9QSJCVC" failures="0" tests="4" name="dataDriven.excelDataProvider.dataProvider" time="0.012" errors="0" timestamp="2022-12-13T20:49:32 IST" skipped="0">
  <testcase classname="dataDriven.excelDataProvider.dataProvider" name="testcaseData" time="0.001"/>
  <system-out/>
  <testcase classname="dataDriven.excelDataProvider.dataProvider" name="testcaseData" time="0.001"/>
  <system-out/>
  <testcase classname="dataDriven.excelDataProvider.dataProvider" name="testcaseData" time="0.003"/>
  <system-out/>
  <testcase classname="dataDriven.excelDataProvider.dataProvider" name="testcaseData" time="0.007"/>
  <system-out/>
</testsuite> <!-- dataDriven.excelDataProvider.dataProvider -->
